<?xml version="1.0" encoding="UTF-8"?>
<testsuite name="practical1.NumberToolsTest" tests="2" skipped="0" failures="0" errors="0" timestamp="2022-09-24T17:47:41" hostname="LAPTOP-EB173OOV" time="0.025">
  <properties/>
  <testcase name="testParse" classname="practical1.NumberToolsTest" time="0.007"/>
  <testcase name="testComputeStatistic" classname="practical1.NumberToolsTest" time="0.018"/>
  <system-out><![CDATA[]]></system-out>
  <system-err><![CDATA[]]></system-err>
</testsuite>
